#
# There is insufficient memory for the Java Runtime Environment to continue.
# Native memory allocation (malloc) failed to allocate 615696 bytes for Chunk::new
# Possible reasons:
#   The system is out of physical RAM or swap space
#   In 32 bit mode, the process size limit was hit
# Possible solutions:
#   Reduce memory load on the system
#   Increase physical memory or swap space
#   Check if swap backing store is full
#   Use 64 bit Java on a 64 bit OS
#   Decrease Java heap size (-Xmx/-Xms)
#   Decrease number of Java threads
#   Decrease Java thread stack sizes (-Xss)
#   Set larger code cache with -XX:ReservedCodeCacheSize=
# This output file may be truncated or incomplete.
#
#  Out of Memory Error (allocation.cpp:390), pid=4868, tid=0x0000000000002918
#
# JRE version: OpenJDK Runtime Environment (8.0_152-b02) (build 1.8.0_152-release-1024-b02)
# Java VM: OpenJDK 64-Bit Server VM (25.152-b02 mixed mode windows-amd64 compressed oops)
# Failed to write core dump. Minidumps are not enabled by default on client versions of Windows
#

---------------  T H R E A D  ---------------

Current thread (0x000000001689e000):  JavaThread "C2 CompilerThread1" daemon [_thread_in_native, id=10520, stack(0x0000000017ff0000,0x00000000180f0000)]

Stack: [0x0000000017ff0000,0x00000000180f0000]
[error occurred during error reporting (printing stack bounds), id 0xc0000005]

Native frames: (J=compiled Java code, j=interpreted, Vv=VM code, C=native code)


Current CompileTask:
C2:3245275 23789       4       org.objectweb.asm.Frame::execute (2252 bytes)


---------------  P R O C E S S  ---------------

Java Threads: ( => current thread )
  0x00000000264ff000 JavaThread "pool-114-thread-1" [_thread_blocked, id=9128, stack(0x000000003d050000,0x000000003d150000)]
  0x00000000264f6800 JavaThread "build operations Thread 4" [_thread_blocked, id=10760, stack(0x000000003ce50000,0x000000003cf50000)]
  0x00000000264f9000 JavaThread "build operations Thread 3" [_thread_blocked, id=4556, stack(0x000000003cd50000,0x000000003ce50000)]
  0x00000000264f9800 JavaThread "build operations Thread 2" [_thread_blocked, id=7676, stack(0x000000003cc50000,0x000000003cd50000)]
  0x00000000264fd800 JavaThread "build operations" [_thread_blocked, id=10720, stack(0x000000003cb50000,0x000000003cc50000)]
  0x00000000264fc800 JavaThread "Cache worker for Artifact transforms cache (C:\Users\Public\.gradle\caches\transforms-1)" [_thread_blocked, id=11164, stack(0x000000003c950000,0x000000003ca50000)]
  0x00000000264f6000 JavaThread "Cache worker for file hash cache (E:\ProgrammingTools\progs\TaskList\.gradle\4.4\fileHashes)" [_thread_blocked, id=11116, stack(0x000000003c850000,0x000000003c950000)]
  0x00000000264fc000 JavaThread "Stdin handler" [_thread_blocked, id=7880, stack(0x000000003c750000,0x000000003c850000)]
  0x00000000264f4800 JavaThread "Asynchronous log dispatcher for DefaultDaemonConnection: socket connection from /127.0.0.1:8107 to /127.0.0.1:9126" [_thread_blocked, id=6316, stack(0x000000003c650000,0x000000003c750000)]
  0x00000000264fa800 JavaThread "Daemon worker Thread 5" [_thread_in_native, id=3428, stack(0x000000003c550000,0x000000003c650000)]
  0x00000000264f8000 JavaThread "Cancel handler" [_thread_blocked, id=11104, stack(0x000000003c450000,0x000000003c550000)]
  0x00000000264fb000 JavaThread "Handler for socket connection from /127.0.0.1:8107 to /127.0.0.1:9126" [_thread_in_native, id=10332, stack(0x000000003c350000,0x000000003c450000)]
  0x00000000264f5000 JavaThread "Daemon Thread 5" [_thread_blocked, id=4448, stack(0x000000003c250000,0x000000003c350000)]
  0x000000001b781000 JavaThread "Memory manager" [_thread_blocked, id=10604, stack(0x0000000021d30000,0x0000000021e30000)]
  0x000000001b782800 JavaThread "pool-1-thread-1" [_thread_blocked, id=10812, stack(0x0000000021a30000,0x0000000021b30000)]
  0x0000000018c9d000 JavaThread "File lock request listener" [_thread_in_native, id=7404, stack(0x000000001b5e0000,0x000000001b6e0000)]
  0x0000000018fc4000 JavaThread "Cache worker for file hash cache (C:\Users\Public\.gradle\caches\4.4\fileHashes)" [_thread_blocked, id=7996, stack(0x000000001b4e0000,0x000000001b5e0000)]
  0x0000000019885000 JavaThread "Daemon periodic checks" [_thread_blocked, id=3388, stack(0x000000001a9e0000,0x000000001aae0000)]
  0x00000000195ce000 JavaThread "Incoming local TCP Connector on port 8107" [_thread_in_native, id=9364, stack(0x000000001a500000,0x000000001a600000)]
  0x0000000018215000 JavaThread "Service Thread" daemon [_thread_blocked, id=224, stack(0x00000000185f0000,0x00000000186f0000)]
  0x00000000168a1800 JavaThread "C1 CompilerThread2" daemon [_thread_blocked, id=2604, stack(0x00000000180f0000,0x00000000181f0000)]
=>0x000000001689e000 JavaThread "C2 CompilerThread1" daemon [_thread_in_native, id=10520, stack(0x0000000017ff0000,0x00000000180f0000)]
  0x000000001689a000 JavaThread "C2 CompilerThread0" daemon [_thread_blocked, id=8184, stack(0x0000000017ef0000,0x0000000017ff0000)]
  0x0000000016898800 JavaThread "Attach Listener" daemon [_thread_blocked, id=7832, stack(0x0000000017df0000,0x0000000017ef0000)]
  0x00000000168a7000 JavaThread "Signal Dispatcher" daemon [_thread_blocked, id=3936, stack(0x0000000017cf0000,0x0000000017df0000)]
  0x0000000002e5c800 JavaThread "Finalizer" daemon [_thread_blocked, id=7900, stack(0x0000000017b00000,0x0000000017c00000)]
  0x0000000002e51800 JavaThread "Reference Handler" daemon [_thread_blocked, id=9988, stack(0x0000000017a00000,0x0000000017b00000)]
  0x0000000002f2e800 JavaThread "main" [_thread_blocked, id=264, stack(0x0000000002c10000,0x0000000002d10000)]

Other Threads:
  0x0000000016865800 VMThread [stack: 0x0000000017900000,0x0000000017a00000] [id=5884]
  0x0000000018219800 WatcherThread [stack: 0x00000000186f0000,0x00000000187f0000] [id=9852]

VM state:not at safepoint (normal execution)

VM Mutex/Monitor currently owned by a thread: None

Heap:
 PSYoungGen      total 432128K, used 355657K [0x00000000e0000000, 0x00000000fec80000, 0x0000000100000000)
  eden space 430592K, 82% used [0x00000000e0000000,0x00000000f5b52620,0x00000000fa480000)
  from space 1536K, 0% used [0x00000000fb680000,0x00000000fb680000,0x00000000fb800000)
  to   space 36864K, 0% used [0x00000000fc880000,0x00000000fc880000,0x00000000fec80000)
 ParOldGen       total 194048K, used 60401K [0x00000000a0000000, 0x00000000abd80000, 0x00000000e0000000)
  object space 194048K, 31% used [0x00000000a0000000,0x00000000a3afc598,0x00000000abd80000)
 Metaspace       used 97993K, capacity 102158K, committed 102872K, reserved 1138688K
  class space    used 12191K, capacity 13074K, committed 13312K, reserved 1048576K

Card table byte_map: [0x00000000122f0000,0x0000000012600000] byte_map_base: 0x0000000011df0000

Marking Bits: (ParMarkBitMap*) 0x000000005f0b4970
 Begin Bits: [0x0000000012c00000, 0x0000000014400000)
 End Bits:   [0x0000000014400000, 0x0000000015c00000)

Polling page: 0x00000000010c0000

CodeCache: size=245760Kb used=64310Kb max_used=64322Kb free=181449Kb
 bounds [0x0000000002f30000, 0x0000000006e70000, 0x0000000011f30000]
 total_blobs=19599 nmethods=18702 adapters=808
 compilation: enabled

Compilation events (10 events):
Event: 3244.309 Thread 0x000000001689a000 nmethod 23788 0x00000000044040d0 code [0x0000000004404240, 0x0000000004404438]
Event: 3244.317 Thread 0x000000001689e000 23789       4       org.objectweb.asm.Frame::execute (2252 bytes)
Event: 3244.327 Thread 0x00000000168a1800 23790       3       org.objectweb.asm.ClassWriter::addUninitializedType (71 bytes)
Event: 3244.328 Thread 0x00000000168a1800 nmethod 23790 0x0000000006dfd650 code [0x0000000006dfd7e0, 0x0000000006dfdae8]
Event: 3244.328 Thread 0x00000000168a1800 23791   !   3       org.objectweb.asm.ClassWriter::getCommonSuperClass (124 bytes)
Event: 3244.330 Thread 0x00000000168a1800 nmethod 23791 0x0000000003d10350 code [0x0000000003d10640, 0x0000000003d11d98]
Event: 3244.346 Thread 0x00000000168a1800 23792       3       org.objectweb.asm.ClassWriter::getMergedType (117 bytes)
Event: 3244.347 Thread 0x00000000168a1800 nmethod 23792 0x00000000040c9b50 code [0x00000000040c9d00, 0x00000000040ca0e8]
Event: 3244.350 Thread 0x000000001689a000 23793       4       org.objectweb.asm.Type::getArgumentsAndReturnSizes (151 bytes)
Event: 3244.358 Thread 0x000000001689a000 nmethod 23793 0x0000000004983850 code [0x00000000049839a0, 0x0000000004983dd8]

GC Heap History (10 events):
Event: 931.885 GC heap before
{Heap before GC invocations=37 (full 3):
 PSYoungGen      total 484864K, used 457908K [0x00000000e0000000, 0x00000000ffd00000, 0x0000000100000000)
  eden space 448512K, 99% used [0x00000000e0000000,0x00000000fb5d2c20,0x00000000fb600000)
  from space 36352K, 26% used [0x00000000fb600000,0x00000000fbf5a448,0x00000000fd980000)
  to   space 33792K, 0% used [0x00000000fdc00000,0x00000000fdc00000,0x00000000ffd00000)
 ParOldGen       total 137728K, used 100520K [0x00000000a0000000, 0x00000000a8680000, 0x00000000e0000000)
  object space 137728K, 72% used [0x00000000a0000000,0x00000000a622a2b8,0x00000000a8680000)
 Metaspace       used 91407K, capacity 95590K, committed 95832K, reserved 1132544K
  class space    used 11448K, capacity 12351K, committed 12416K, reserved 1048576K
Event: 931.894 GC heap after
Heap after GC invocations=37 (full 3):
 PSYoungGen      total 487424K, used 1824K [0x00000000e0000000, 0x00000000ffc80000, 0x0000000100000000)
  eden space 454144K, 0% used [0x00000000e0000000,0x00000000e0000000,0x00000000fbb80000)
  from space 33280K, 5% used [0x00000000fdc00000,0x00000000fddc80f8,0x00000000ffc80000)
  to   space 33280K, 0% used [0x00000000fbb80000,0x00000000fbb80000,0x00000000fdc00000)
 ParOldGen       total 137728K, used 100536K [0x00000000a0000000, 0x00000000a8680000, 0x00000000e0000000)
  object space 137728K, 72% used [0x00000000a0000000,0x00000000a622e2b8,0x00000000a8680000)
 Metaspace       used 91407K, capacity 95590K, committed 95832K, reserved 1132544K
  class space    used 11448K, capacity 12351K, committed 12416K, reserved 1048576K
}
Event: 938.449 GC heap before
{Heap before GC invocations=38 (full 3):
 PSYoungGen      total 487424K, used 455968K [0x00000000e0000000, 0x00000000ffc80000, 0x0000000100000000)
  eden space 454144K, 100% used [0x00000000e0000000,0x00000000fbb80000,0x00000000fbb80000)
  from space 33280K, 5% used [0x00000000fdc00000,0x00000000fddc80f8,0x00000000ffc80000)
  to   space 33280K, 0% used [0x00000000fbb80000,0x00000000fbb80000,0x00000000fdc00000)
 ParOldGen       total 137728K, used 100536K [0x00000000a0000000, 0x00000000a8680000, 0x00000000e0000000)
  object space 137728K, 72% used [0x00000000a0000000,0x00000000a622e2b8,0x00000000a8680000)
 Metaspace       used 92115K, capacity 96382K, committed 96728K, reserved 1134592K
  class space    used 11508K, capacity 12419K, committed 12544K, reserved 1048576K
Event: 938.501 GC heap after
Heap after GC invocations=38 (full 3):
 PSYoungGen      total 486400K, used 32123K [0x00000000e0000000, 0x0000000100000000, 0x0000000100000000)
  eden space 454144K, 0% used [0x00000000e0000000,0x00000000e0000000,0x00000000fbb80000)
  from space 32256K, 99% used [0x00000000fbb80000,0x00000000fdadec90,0x00000000fdb00000)
  to   space 37888K, 0% used [0x00000000fdb00000,0x00000000fdb00000,0x0000000100000000)
 ParOldGen       total 137728K, used 100568K [0x00000000a0000000, 0x00000000a8680000, 0x00000000e0000000)
  object space 137728K, 73% used [0x00000000a0000000,0x00000000a62362b8,0x00000000a8680000)
 Metaspace       used 92115K, capacity 96382K, committed 96728K, reserved 1134592K
  class space    used 11508K, capacity 12419K, committed 12544K, reserved 1048576K
}
Event: 942.369 GC heap before
{Heap before GC invocations=39 (full 3):
 PSYoungGen      total 486400K, used 485611K [0x00000000e0000000, 0x0000000100000000, 0x0000000100000000)
  eden space 454144K, 99% used [0x00000000e0000000,0x00000000fbadc290,0x00000000fbb80000)
  from space 32256K, 99% used [0x00000000fbb80000,0x00000000fdadec90,0x00000000fdb00000)
  to   space 37888K, 0% used [0x00000000fdb00000,0x00000000fdb00000,0x0000000100000000)
 ParOldGen       total 137728K, used 100568K [0x00000000a0000000, 0x00000000a8680000, 0x00000000e0000000)
  object space 137728K, 73% used [0x00000000a0000000,0x00000000a62362b8,0x00000000a8680000)
 Metaspace       used 92902K, capacity 97178K, committed 97240K, reserved 1134592K
  class space    used 11603K, capacity 12503K, committed 12544K, reserved 1048576K
Event: 942.377 GC heap after
Heap after GC invocations=39 (full 3):
 PSYoungGen      total 486912K, used 5607K [0x00000000e0000000, 0x0000000100000000, 0x0000000100000000)
  eden space 449024K, 0% used [0x00000000e0000000,0x00000000e0000000,0x00000000fb680000)
  from space 37888K, 14% used [0x00000000fdb00000,0x00000000fe079f60,0x0000000100000000)
  to   space 37376K, 0% used [0x00000000fb680000,0x00000000fb680000,0x00000000fdb00000)
 ParOldGen       total 137728K, used 101328K [0x00000000a0000000, 0x00000000a8680000, 0x00000000e0000000)
  object space 137728K, 73% used [0x00000000a0000000,0x00000000a62f4328,0x00000000a8680000)
 Metaspace       used 92902K, capacity 97178K, committed 97240K, reserved 1134592K
  class space    used 11603K, capacity 12503K, committed 12544K, reserved 1048576K
}
Event: 1664.261 GC heap before
{Heap before GC invocations=40 (full 3):
 PSYoungGen      total 486912K, used 105360K [0x00000000e0000000, 0x0000000100000000, 0x0000000100000000)
  eden space 449024K, 22% used [0x00000000e0000000,0x00000000e616a278,0x00000000fb680000)
  from space 37888K, 14% used [0x00000000fdb00000,0x00000000fe079f60,0x0000000100000000)
  to   space 37376K, 0% used [0x00000000fb680000,0x00000000fb680000,0x00000000fdb00000)
 ParOldGen       total 137728K, used 101328K [0x00000000a0000000, 0x00000000a8680000, 0x00000000e0000000)
  object space 137728K, 73% used [0x00000000a0000000,0x00000000a62f4328,0x00000000a8680000)
 Metaspace       used 93842K, capacity 98206K, committed 98280K, reserved 1134592K
  class space    used 11726K, capacity 12657K, committed 12672K, reserved 1048576K
Event: 1664.268 GC heap after
Heap after GC invocations=40 (full 3):
 PSYoungGen      total 432128K, used 1255K [0x00000000e0000000, 0x00000000fec80000, 0x0000000100000000)
  eden space 430592K, 0% used [0x00000000e0000000,0x00000000e0000000,0x00000000fa480000)
  from space 1536K, 81% used [0x00000000fb680000,0x00000000fb7b9fc8,0x00000000fb800000)
  to   space 36864K, 0% used [0x00000000fc880000,0x00000000fc880000,0x00000000fec80000)
 ParOldGen       total 137728K, used 101688K [0x00000000a0000000, 0x00000000a8680000, 0x00000000e0000000)
  object space 137728K, 73% used [0x00000000a0000000,0x00000000a634e358,0x00000000a8680000)
 Metaspace       used 93842K, capacity 98206K, committed 98280K, reserved 1134592K
  class space    used 11726K, capacity 12657K, committed 12672K, reserved 1048576K
}
Event: 1664.268 GC heap before
{Heap before GC invocations=41 (full 4):
 PSYoungGen      total 432128K, used 1255K [0x00000000e0000000, 0x00000000fec80000, 0x0000000100000000)
  eden space 430592K, 0% used [0x00000000e0000000,0x00000000e0000000,0x00000000fa480000)
  from space 1536K, 81% used [0x00000000fb680000,0x00000000fb7b9fc8,0x00000000fb800000)
  to   space 36864K, 0% used [0x00000000fc880000,0x00000000fc880000,0x00000000fec80000)
 ParOldGen       total 137728K, used 101688K [0x00000000a0000000, 0x00000000a8680000, 0x00000000e0000000)
  object space 137728K, 73% used [0x00000000a0000000,0x00000000a634e358,0x00000000a8680000)
 Metaspace       used 93842K, capacity 98206K, committed 98280K, reserved 1134592K
  class space    used 11726K, capacity 12657K, committed 12672K, reserved 1048576K
Event: 1664.705 GC heap after
Heap after GC invocations=41 (full 4):
 PSYoungGen      total 432128K, used 0K [0x00000000e0000000, 0x00000000fec80000, 0x0000000100000000)
  eden space 430592K, 0% used [0x00000000e0000000,0x00000000e0000000,0x00000000fa480000)
  from space 1536K, 0% used [0x00000000fb680000,0x00000000fb680000,0x00000000fb800000)
  to   space 36864K, 0% used [0x00000000fc880000,0x00000000fc880000,0x00000000fec80000)
 ParOldGen       total 194048K, used 60401K [0x00000000a0000000, 0x00000000abd80000, 0x00000000e0000000)
  object space 194048K, 31% used [0x00000000a0000000,0x00000000a3afc598,0x00000000abd80000)
 Metaspace       used 93238K, capacity 97154K, committed 98280K, reserved 1134592K
  class space    used 11607K, capacity 12443K, committed 12672K, reserved 1048576K
}

Deoptimization events (10 events):
Event: 3211.176 Thread 0x00000000264fa800 Uncommon trap: reason=speculate_class_check action=maybe_recompile pc=0x00000000061884cc method=java.nio.charset.CharsetEncoder.reset()Ljava/nio/charset/CharsetEncoder; @ 1
Event: 3211.237 Thread 0x00000000264fa800 Uncommon trap: reason=unstable_if action=reinterpret pc=0x000000000633a31c method=java.lang.ref.SoftReference.get()Ljava/lang/Object; @ 6
Event: 3211.500 Thread 0x00000000264fa800 Uncommon trap: reason=speculate_class_check action=maybe_recompile pc=0x00000000061884cc method=java.nio.charset.CharsetEncoder.reset()Ljava/nio/charset/CharsetEncoder; @ 1
Event: 3212.168 Thread 0x00000000264fd800 Uncommon trap: reason=speculate_class_check action=maybe_recompile pc=0x00000000061884cc method=java.nio.charset.CharsetEncoder.reset()Ljava/nio/charset/CharsetEncoder; @ 1
Event: 3212.175 Thread 0x00000000264f9000 Uncommon trap: reason=speculate_class_check action=maybe_recompile pc=0x0000000005737be4 method=java.nio.charset.CharsetEncoder.reset()Ljava/nio/charset/CharsetEncoder; @ 1
Event: 3212.179 Thread 0x00000000264f6800 Uncommon trap: reason=speculate_class_check action=maybe_recompile pc=0x0000000005737be4 method=java.nio.charset.CharsetEncoder.reset()Ljava/nio/charset/CharsetEncoder; @ 1
Event: 3242.072 Thread 0x00000000264fa800 Uncommon trap: reason=unstable_if action=reinterpret pc=0x0000000005222b0c method=java.util.ComparableTimSort.mergeLo(IIII)V @ 377
Event: 3243.101 Thread 0x00000000264fa800 Uncommon trap: reason=unstable_if action=reinterpret pc=0x0000000004deaa5c method=org.objectweb.asm.MethodVisitor.visitIntInsn(II)V @ 4
Event: 3243.362 Thread 0x00000000264fa800 Uncommon trap: reason=unstable_if action=reinterpret pc=0x00000000061cf54c method=com.google.common.collect.MapMakerInternalMap$Segment.postReadCleanup()V @ 10
Event: 3243.433 Thread 0x00000000264fa800 Uncommon trap: reason=unstable_if action=reinterpret pc=0x0000000006d67c30 method=javax.management.ObjectName.construct(Ljava/lang/String;)V @ 881

Classes redefined (0 events):
No events

Internal exceptions (10 events):
Event: 3242.759 Thread 0x00000000264fa800 Exception <a 'java/security/PrivilegedActionException'> (0x00000000f259d118) thrown at [D:\src\AOSP-openjdk-cygwin\jdk8u\hotspot\src\share\vm\prims\jvm.cpp, line 1390]
Event: 3242.759 Thread 0x00000000264fa800 Exception <a 'java/security/PrivilegedActionException'> (0x00000000f259dcb0) thrown at [D:\src\AOSP-openjdk-cygwin\jdk8u\hotspot\src\share\vm\prims\jvm.cpp, line 1390]
Event: 3242.759 Thread 0x00000000264fa800 Exception <a 'java/security/PrivilegedActionException'> (0x00000000f25a0898) thrown at [D:\src\AOSP-openjdk-cygwin\jdk8u\hotspot\src\share\vm\prims\jvm.cpp, line 1390]
Event: 3242.759 Thread 0x00000000264fa800 Exception <a 'java/security/PrivilegedActionException'> (0x00000000f25a1430) thrown at [D:\src\AOSP-openjdk-cygwin\jdk8u\hotspot\src\share\vm\prims\jvm.cpp, line 1390]
Event: 3242.845 Thread 0x00000000264fa800 Exception <a 'java/lang/ClassNotFoundException': build_ek2awdea7qeurnzsvztbm8andBeanInfo> (0x00000000f275d160) thrown at [D:\src\AOSP-openjdk-cygwin\jdk8u\hotspot\src\share\vm\classfile\systemDictionary.cpp, line 210]
Event: 3242.845 Thread 0x00000000264fa800 Exception <a 'java/lang/ClassNotFoundException': build_ek2awdea7qeurnzsvztbm8andCustomizer> (0x00000000f27675e0) thrown at [D:\src\AOSP-openjdk-cygwin\jdk8u\hotspot\src\share\vm\classfile\systemDictionary.cpp, line 210]
Event: 3243.158 Thread 0x00000000264fa800 Exception <a 'java/lang/ClassNotFoundException': build_9rebsurlqm7onng3jbdcspp7kBeanInfo> (0x00000000f2c39838) thrown at [D:\src\AOSP-openjdk-cygwin\jdk8u\hotspot\src\share\vm\classfile\systemDictionary.cpp, line 210]
Event: 3243.158 Thread 0x00000000264fa800 Exception <a 'java/lang/ClassNotFoundException': build_9rebsurlqm7onng3jbdcspp7kCustomizer> (0x00000000f2c43cb8) thrown at [D:\src\AOSP-openjdk-cygwin\jdk8u\hotspot\src\share\vm\classfile\systemDictionary.cpp, line 210]
Event: 3243.561 Thread 0x00000000264fa800 Exception <a 'sun/nio/fs/WindowsException'> (0x00000000f399f180) thrown at [D:\src\AOSP-openjdk-cygwin\jdk8u\hotspot\src\share\vm\prims\jni.cpp, line 709]
Event: 3244.120 Thread 0x00000000264fa800 Exception <a 'sun/nio/fs/WindowsException'> (0x00000000f44d7e48) thrown at [D:\src\AOSP-openjdk-cygwin\jdk8u\hotspot\src\share\vm\prims\jni.cpp, line 709]

Events (10 events):
Event: 3244.183 Thread 0x00000000264fa800 DEOPT PACKING pc=0x000000000455e789 sp=0x000000003c648430
Event: 3244.183 Thread 0x00000000264fa800 DEOPT UNPACKING pc=0x0000000002f775d0 sp=0x000000003c648130 mode 0
Event: 3244.183 Thread 0x00000000264fa800 DEOPT PACKING pc=0x000000000455e789 sp=0x000000003c648430
Event: 3244.183 Thread 0x00000000264fa800 DEOPT UNPACKING pc=0x0000000002f775d0 sp=0x000000003c648130 mode 0
Event: 3244.183 Thread 0x00000000264fa800 DEOPT PACKING pc=0x000000000455e789 sp=0x000000003c648430
Event: 3244.183 Thread 0x00000000264fa800 DEOPT UNPACKING pc=0x0000000002f775d0 sp=0x000000003c648130 mode 0
Event: 3244.184 Thread 0x00000000264fa800 DEOPT PACKING pc=0x000000000455e789 sp=0x000000003c648430
Event: 3244.184 Thread 0x00000000264fa800 DEOPT UNPACKING pc=0x0000000002f775d0 sp=0x000000003c648130 mode 0
Event: 3244.192 Executing VM operation: RevokeBias
Event: 3244.192 Executing VM operation: RevokeBias done


Dynamic libraries:
0x00007ff759c00000 - 0x00007ff759c31000 	E:\ProgrammingTools\IDEs\Android Studio\jre\bin\java.exe
0x00007ffd5fc30000 - 0x00007ffd5fe02000 	C:\WINDOWS\SYSTEM32\ntdll.dll
0x00007ffd5d310000 - 0x00007ffd5d3bc000 	C:\WINDOWS\System32\KERNEL32.DLL
0x00007ffd5ce50000 - 0x00007ffd5d06d000 	C:\WINDOWS\System32\KERNELBASE.dll
0x00007ffd5d1c0000 - 0x00007ffd5d262000 	C:\WINDOWS\System32\ADVAPI32.dll
0x00007ffd5d9b0000 - 0x00007ffd5da4e000 	C:\WINDOWS\System32\msvcrt.dll
0x00007ffd5da50000 - 0x00007ffd5daa9000 	C:\WINDOWS\System32\sechost.dll
0x00007ffd5f3a0000 - 0x00007ffd5f4c1000 	C:\WINDOWS\System32\RPCRT4.dll
0x00007ffd5d3c0000 - 0x00007ffd5d525000 	C:\WINDOWS\System32\USER32.dll
0x00007ffd5cd80000 - 0x00007ffd5cd9e000 	C:\WINDOWS\System32\win32u.dll
0x00007ffd5d970000 - 0x00007ffd5d9a4000 	C:\WINDOWS\System32\GDI32.dll
0x00007ffd5c130000 - 0x00007ffd5c2b0000 	C:\WINDOWS\System32\gdi32full.dll
0x00007ffd514b0000 - 0x00007ffd5172a000 	C:\WINDOWS\WinSxS\amd64_microsoft.windows.common-controls_6595b64144ccf1df_6.0.14393.953_none_42151e83c686086b\COMCTL32.dll
0x00007ffd5d6a0000 - 0x00007ffd5d968000 	C:\WINDOWS\System32\combase.dll
0x00007ffd5d070000 - 0x00007ffd5d165000 	C:\WINDOWS\System32\ucrtbase.dll
0x00007ffd5c460000 - 0x00007ffd5c4ca000 	C:\WINDOWS\System32\bcryptPrimitives.dll
0x00007ffd5f370000 - 0x00007ffd5f39e000 	C:\WINDOWS\System32\IMM32.DLL
0x000000005f3a0000 - 0x000000005f472000 	E:\ProgrammingTools\IDEs\Android Studio\jre\jre\bin\msvcr100.dll
0x000000005e8f0000 - 0x000000005f12f000 	E:\ProgrammingTools\IDEs\Android Studio\jre\jre\bin\server\jvm.dll
0x00007ffd5f9c0000 - 0x00007ffd5f9c8000 	C:\WINDOWS\System32\PSAPI.DLL
0x00007ffd5a620000 - 0x00007ffd5a643000 	C:\WINDOWS\SYSTEM32\WINMM.dll
0x00007ffd57b60000 - 0x00007ffd57b6a000 	C:\WINDOWS\SYSTEM32\VERSION.dll
0x00007ffd59a50000 - 0x00007ffd59a59000 	C:\WINDOWS\SYSTEM32\WSOCK32.dll
0x00007ffd5d530000 - 0x00007ffd5d59a000 	C:\WINDOWS\System32\WS2_32.dll
0x00007ffd5a5c0000 - 0x00007ffd5a5eb000 	C:\WINDOWS\SYSTEM32\WINMMBASE.dll
0x00007ffd5d170000 - 0x00007ffd5d1b2000 	C:\WINDOWS\System32\cfgmgr32.dll
0x00007ffd589e0000 - 0x00007ffd589ef000 	E:\ProgrammingTools\IDEs\Android Studio\jre\jre\bin\verify.dll
0x00007ffd58270000 - 0x00007ffd58299000 	E:\ProgrammingTools\IDEs\Android Studio\jre\jre\bin\java.dll
0x00007ffd58930000 - 0x00007ffd58946000 	E:\ProgrammingTools\IDEs\Android Studio\jre\jre\bin\zip.dll
0x00007ffd5de60000 - 0x00007ffd5f369000 	C:\WINDOWS\System32\SHELL32.dll
0x00007ffd5c4d0000 - 0x00007ffd5cba9000 	C:\WINDOWS\System32\windows.storage.dll
0x00007ffd5c0a0000 - 0x00007ffd5c0ec000 	C:\WINDOWS\System32\powrprof.dll
0x00007ffd5f960000 - 0x00007ffd5f9b2000 	C:\WINDOWS\System32\shlwapi.dll
0x00007ffd5c0f0000 - 0x00007ffd5c0ff000 	C:\WINDOWS\System32\kernel.appcore.dll
0x00007ffd5cda0000 - 0x00007ffd5ce49000 	C:\WINDOWS\System32\shcore.dll
0x00007ffd5c110000 - 0x00007ffd5c124000 	C:\WINDOWS\System32\profapi.dll
0x00007ffd58250000 - 0x00007ffd5826a000 	E:\ProgrammingTools\IDEs\Android Studio\jre\jre\bin\net.dll
0x00007ffd5b9d0000 - 0x00007ffd5ba2c000 	C:\WINDOWS\system32\mswsock.dll
0x00007ffd58200000 - 0x00007ffd58211000 	E:\ProgrammingTools\IDEs\Android Studio\jre\jre\bin\nio.dll
0x00007ffd316b0000 - 0x00007ffd316ce000 	C:\Users\Public\.gradle\native\25\windows-amd64\native-platform.dll
0x00007ffd581e0000 - 0x00007ffd581ed000 	E:\ProgrammingTools\IDEs\Android Studio\jre\jre\bin\management.dll
0x00007ffd5bb70000 - 0x00007ffd5bb87000 	C:\WINDOWS\SYSTEM32\CRYPTSP.dll
0x00007ffd5b5d0000 - 0x00007ffd5b603000 	C:\WINDOWS\system32\rsaenh.dll
0x00007ffd5bc80000 - 0x00007ffd5bcab000 	C:\WINDOWS\SYSTEM32\bcrypt.dll
0x00007ffd5b850000 - 0x00007ffd5b86f000 	C:\WINDOWS\SYSTEM32\USERENV.dll
0x00007ffd5bb90000 - 0x00007ffd5bb9b000 	C:\WINDOWS\SYSTEM32\CRYPTBASE.dll
0x00007ffd5b750000 - 0x00007ffd5b788000 	C:\WINDOWS\SYSTEM32\IPHLPAPI.DLL
0x00007ffd5dc30000 - 0x00007ffd5dc38000 	C:\WINDOWS\System32\NSI.dll
0x00007ffd53540000 - 0x00007ffd53556000 	C:\WINDOWS\SYSTEM32\dhcpcsvc6.DLL
0x00007ffd53520000 - 0x00007ffd5353a000 	C:\WINDOWS\SYSTEM32\dhcpcsvc.DLL
0x00007ffd317d0000 - 0x00007ffd317f4000 	E:\ProgrammingTools\IDEs\Android Studio\jre\jre\bin\sunec.dll
0x00007ffd5b790000 - 0x00007ffd5b831000 	C:\WINDOWS\SYSTEM32\DNSAPI.dll
0x00007ffd51e30000 - 0x00007ffd51e3a000 	C:\Windows\System32\rasadhlp.dll
0x00007ffd53130000 - 0x00007ffd5319a000 	C:\WINDOWS\System32\fwpuclnt.dll
0x00007ffd522e0000 - 0x00007ffd522eb000 	E:\ProgrammingTools\IDEs\Android Studio\jre\jre\bin\sunmscapi.dll
0x00007ffd5cbb0000 - 0x00007ffd5cd79000 	C:\WINDOWS\System32\CRYPT32.dll
0x00007ffd5c100000 - 0x00007ffd5c110000 	C:\WINDOWS\System32\MSASN1.dll
0x00007ffd5a820000 - 0x00007ffd5a89a000 	C:\WINDOWS\system32\apphelp.dll

VM Arguments:
jvm_args: -Xmx1536m -Dfile.encoding=windows-1251 -Duser.country=RU -Duser.language=ru -Duser.variant 
java_command: org.gradle.launcher.daemon.bootstrap.GradleDaemon 4.4
java_class_path (initial): C:\Users\Public\.gradle\wrapper\dists\gradle-4.4-all\9br9xq1tocpiv8o6njlyu5op1\gradle-4.4\lib\gradle-launcher-4.4.jar
Launcher Type: SUN_STANDARD

Environment Variables:
PATH=E:\Programms\gcc\bin;E:\Programms\gcc\libexec\gcc\x86_64-pc-mingw32\6.2.0;C:\WINDOWS\system32;C:\WINDOWS;C:\WINDOWS\System32\Wbem;C:\WINDOWS\System32\WindowsPowerShell\v1.0\;C:\Program Files (x86)\AMD1\ATI.ACE\Core-Static;C:\Program Files (x86)\Skype\Phone\;C:\Program Files\Microsoft\Web Platform Installer\;C:\Program Files (x86)\Microsoft ASP.NET\ASP.NET Web Pages\v1.0\;C:\Program Files\Microsoft SQL Server\110\Tools\Binn\;C:\Program Files (x86)\Microsoft SQL Server\110\Tools\Binn\;C:\Program Files\Microsoft SQL Server\110\DTS\Binn\;C:\Program Files (x86)\Microsoft SQL Server\110\Tools\Binn\ManagementStudio\;C:\Program Files (x86)\Microsoft SQL Server\110\DTS\Binn\;C:\Program Files (x86)\AMDNew\ATI.ACE\Core-Static;C:\Program Files (x86)\GtkSharp\2.12\bin;C:\Program Files\Java\jdk-9.0.1\bin;C:\Program Files\Ant\apache-ant-1.10.1\bin;C:\Program Files\GnuWin32\bin;C:\Program Files\MySQL\MySQL Utilities 1.6\;E:\ProgrammingTools\Git\cmd;C:\Users\ярослав\AppData\Local\Microsoft\WindowsApps;
USERNAME=ярослав
OS=Windows_NT
PROCESSOR_IDENTIFIER=Intel64 Family 6 Model 42 Stepping 7, GenuineIntel



---------------  S Y S T E M  ---------------

OS: Windows 10.0 , 64 bit Build 14393 (10.0.14393.2214)

CPU:total 4 (initial active 4) (2 cores per cpu, 2 threads per core) family 6 model 42 stepping 7, cmov, cx8, fxsr, mmx, sse, sse2, sse3, ssse3, sse4.1, sse4.2, popcnt, avx, clmul, ht, tsc, tscinvbit

Memory: 4k page, physical 8231284k(1815016k free), swap 8231284k(5872k free)

vm_info: OpenJDK 64-Bit Server VM (25.152-b02) for windows-amd64 JRE (1.8.0_152-release-1024-b02), built by "builder" with MS VC++ 10.0 (VS2010)

time: Mon May 07 18:29:14 2018
elapsed time: 3244 seconds (0d 0h 54m 4s)

